app/build/intermediates/manifest_merge_blame_file/debug/manifest-merger-blame-debug-report.txt
1<?xml version="1.0" encoding="utf-8"?>
2<manifest xmlns:android="http://schemas.android.com/apk/res/android"
3    package="com.example.dogglers"
4    android:versionCode="1"
5    android:versionName="1.0" >
6
7    <uses-sdk
8        android:minSdkVersion="21"
8-->src\main\AndroidManifest.xml
9        android:targetSdkVersion="32" />
9-->src\main\AndroidManifest.xml
10
11    <uses-permission android:name="android.permission.REORDER_TASKS" />
11-->[androidx.fragment:fragment-testing:1.4.1] AndroidManifest.xml:25:5-72
11-->[androidx.fragment:fragment-testing:1.4.1] AndroidManifest.xml:25:22-69
12
13    <application
13-->src\main\AndroidManifest.xml:6:5-25:19
14        android:allowBackup="true"
14-->src\main\AndroidManifest.xml:7:9-35
15        android:appComponentFactory="androidx.core.app.CoreComponentFactory"
15-->[androidx.core:core:1.7.0] AndroidManifest.xml:24:18-86
16        android:debuggable="true"
17        android:icon="@mipmap/ic_launcher"
17-->src\main\AndroidManifest.xml:8:9-43
18        android:label="@string/app_name"
18-->src\main\AndroidManifest.xml:9:9-41
19        android:roundIcon="@mipmap/ic_launcher_round"
19-->src\main\AndroidManifest.xml:10:9-54
20        android:supportsRtl="true"
20-->src\main\AndroidManifest.xml:11:9-35
21        android:testOnly="true"
22        android:theme="@style/Theme.Dogglers" >
22-->src\main\AndroidManifest.xml:12:9-46
23        <activity
23-->src\main\AndroidManifest.xml:13:9-15:58
24            android:name="com.example.dogglers.DetailActivity"
24-->src\main\AndroidManifest.xml:14:13-43
25            android:parentActivityName="com.example.dogglers.MainActivity" />
25-->src\main\AndroidManifest.xml:15:13-55
26        <activity
26-->src\main\AndroidManifest.xml:16:9-24:20
27            android:name="com.example.dogglers.MainActivity"
27-->src\main\AndroidManifest.xml:17:13-41
28            android:exported="true" >
28-->src\main\AndroidManifest.xml:18:13-36
29            <intent-filter>
29-->src\main\AndroidManifest.xml:19:13-23:29
30                <action android:name="android.intent.action.MAIN" />
30-->src\main\AndroidManifest.xml:20:17-69
30-->src\main\AndroidManifest.xml:20:25-66
31
32                <category android:name="android.intent.category.LAUNCHER" />
32-->src\main\AndroidManifest.xml:22:17-77
32-->src\main\AndroidManifest.xml:22:27-74
33            </intent-filter>
34        </activity>
35        <activity
35-->[androidx.fragment:fragment-testing:1.4.1] AndroidManifest.xml:28:9-37:20
36            android:name="androidx.fragment.app.testing.FragmentScenario$EmptyFragmentActivity"
36-->[androidx.fragment:fragment-testing:1.4.1] AndroidManifest.xml:29:13-96
37            android:exported="true"
37-->[androidx.fragment:fragment-testing:1.4.1] AndroidManifest.xml:30:13-36
38            android:multiprocess="true"
38-->[androidx.fragment:fragment-testing:1.4.1] AndroidManifest.xml:31:13-40
39            android:taskAffinity=""
39-->[androidx.fragment:fragment-testing:1.4.1] AndroidManifest.xml:32:13-36
40            android:theme="@style/FragmentScenarioEmptyFragmentActivityTheme" >
40-->[androidx.fragment:fragment-testing:1.4.1] AndroidManifest.xml:33:13-78
41            <intent-filter>
41-->[androidx.fragment:fragment-testing:1.4.1] AndroidManifest.xml:34:13-36:29
42                <action android:name="android.intent.action.MAIN" />
42-->src\main\AndroidManifest.xml:20:17-69
42-->src\main\AndroidManifest.xml:20:25-66
43            </intent-filter>
44        </activity>
45        <activity
45-->[androidx.test:core:1.4.0] AndroidManifest.xml:27:9-34:20
46            android:name="androidx.test.core.app.InstrumentationActivityInvoker$BootstrapActivity"
46-->[androidx.test:core:1.4.0] AndroidManifest.xml:28:13-99
47            android:exported="true"
47-->[androidx.test:core:1.4.0] AndroidManifest.xml:29:13-36
48            android:theme="@android:style/Theme" >
48-->[androidx.test:core:1.4.0] AndroidManifest.xml:30:13-49
49            <intent-filter>
49-->[androidx.fragment:fragment-testing:1.4.1] AndroidManifest.xml:34:13-36:29
50                <action android:name="android.intent.action.MAIN" />
50-->src\main\AndroidManifest.xml:20:17-69
50-->src\main\AndroidManifest.xml:20:25-66
51            </intent-filter>
52        </activity>
53        <activity
53-->[androidx.test:core:1.4.0] AndroidManifest.xml:35:9-42:20
54            android:name="androidx.test.core.app.InstrumentationActivityInvoker$EmptyActivity"
54-->[androidx.test:core:1.4.0] AndroidManifest.xml:36:13-95
55            android:exported="true"
55-->[androidx.test:core:1.4.0] AndroidManifest.xml:37:13-36
56            android:theme="@android:style/Theme" >
56-->[androidx.test:core:1.4.0] AndroidManifest.xml:38:13-49
57            <intent-filter>
57-->[androidx.fragment:fragment-testing:1.4.1] AndroidManifest.xml:34:13-36:29
58                <action android:name="android.intent.action.MAIN" />
58-->src\main\AndroidManifest.xml:20:17-69
58-->src\main\AndroidManifest.xml:20:25-66
59            </intent-filter>
60        </activity>
61        <activity
61-->[androidx.test:core:1.4.0] AndroidManifest.xml:43:9-50:20
62            android:name="androidx.test.core.app.InstrumentationActivityInvoker$EmptyFloatingActivity"
62-->[androidx.test:core:1.4.0] AndroidManifest.xml:44:13-103
63            android:exported="true"
63-->[androidx.test:core:1.4.0] AndroidManifest.xml:45:13-36
64            android:theme="@android:style/Theme.Dialog" >
64-->[androidx.test:core:1.4.0] AndroidManifest.xml:46:13-56
65            <intent-filter>
65-->[androidx.fragment:fragment-testing:1.4.1] AndroidManifest.xml:34:13-36:29
66                <action android:name="android.intent.action.MAIN" />
66-->src\main\AndroidManifest.xml:20:17-69
66-->src\main\AndroidManifest.xml:20:25-66
67            </intent-filter>
68        </activity>
69
70        <provider
70-->[androidx.emoji2:emoji2:1.0.0] AndroidManifest.xml:26:9-34:20
71            android:name="androidx.startup.InitializationProvider"
71-->[androidx.emoji2:emoji2:1.0.0] AndroidManifest.xml:27:13-67
72            android:authorities="com.example.dogglers.androidx-startup"
72-->[androidx.emoji2:emoji2:1.0.0] AndroidManifest.xml:28:13-68
73            android:exported="false" >
73-->[androidx.emoji2:emoji2:1.0.0] AndroidManifest.xml:29:13-37
74            <meta-data
74-->[androidx.emoji2:emoji2:1.0.0] AndroidManifest.xml:31:13-33:52
75                android:name="androidx.emoji2.text.EmojiCompatInitializer"
75-->[androidx.emoji2:emoji2:1.0.0] AndroidManifest.xml:32:17-75
76                android:value="androidx.startup" />
76-->[androidx.emoji2:emoji2:1.0.0] AndroidManifest.xml:33:17-49
77            <meta-data
77-->[androidx.lifecycle:lifecycle-process:2.4.0] AndroidManifest.xml:31:13-33:52
78                android:name="androidx.lifecycle.ProcessLifecycleInitializer"
78-->[androidx.lifecycle:lifecycle-process:2.4.0] AndroidManifest.xml:32:17-78
79                android:value="androidx.startup" />
79-->[androidx.lifecycle:lifecycle-process:2.4.0] AndroidManifest.xml:33:17-49
80        </provider>
81    </application>
82
83</manifest>